2023-02-11 03:00:00,246  INFO Microsoft.Hosting.Lifetime.? [?] - MESSAGE: Now listening on: https://localhost:7240
 2023-02-11 03:00:00,294  INFO Microsoft.Hosting.Lifetime.? [?] - MESSAGE: Now listening on: http://localhost:5240
 2023-02-11 03:00:00,302  INFO Microsoft.Hosting.Lifetime.OnApplicationStarted [0] - MESSAGE: Application started. Press Ctrl+C to shut down.
 2023-02-11 03:00:00,305  INFO Microsoft.Hosting.Lifetime.OnApplicationStarted [0] - MESSAGE: Hosting environment: Development
 2023-02-11 03:00:00,307  INFO Microsoft.Hosting.Lifetime.OnApplicationStarted [0] - MESSAGE: Content root path: D:\새 폴더\Source\CloProject1\CloProject1\
 2023-02-11 03:00:47,399 ERROR Microsoft.AspNetCore.Diagnostics.DeveloperExceptionPageMiddleware.? [?] - MESSAGE: An unhandled exception has occurred while executing the request.
 System.InvalidOperationException: Unable to resolve service for type 'Bl.IEmployeeService' while attempting to activate 'CloProject1.Controllers.EmployeeController'.
   at Microsoft.Extensions.DependencyInjection.ActivatorUtilities.GetService(IServiceProvider sp, Type type, Type requiredBy, Boolean isDefaultParameterRequired)
   at lambda_method9(Closure , IServiceProvider , Object[] )
   at Microsoft.AspNetCore.Mvc.Controllers.ControllerActivatorProvider.<>c__DisplayClass7_0.<CreateActivator>b__0(ControllerContext controllerContext)
   at Microsoft.AspNetCore.Mvc.Controllers.ControllerFactoryProvider.<>c__DisplayClass6_0.<CreateControllerFactory>g__CreateController|0(ControllerContext controllerContext)
   at Microsoft.AspNetCore.Mvc.Infrastructure.ControllerActionInvoker.Next(State& next, Scope& scope, Object& state, Boolean& isCompleted)
   at Microsoft.AspNetCore.Mvc.Infrastructure.ControllerActionInvoker.InvokeInnerFilterAsync()
--- End of stack trace from previous location ---
   at Microsoft.AspNetCore.Mvc.Infrastructure.ResourceInvoker.<InvokeFilterPipelineAsync>g__Awaited|20_0(ResourceInvoker invoker, Task lastTask, State next, Scope scope, Object state, Boolean isCompleted)
   at Microsoft.AspNetCore.Mvc.Infrastructure.ResourceInvoker.<InvokeAsync>g__Awaited|17_0(ResourceInvoker invoker, Task task, IDisposable scope)
   at Microsoft.AspNetCore.Mvc.Infrastructure.ResourceInvoker.<InvokeAsync>g__Awaited|17_0(ResourceInvoker invoker, Task task, IDisposable scope)
   at Microsoft.AspNetCore.Routing.EndpointMiddleware.<Invoke>g__AwaitRequestTask|6_0(Endpoint endpoint, Task requestTask, ILogger logger)
   at Microsoft.AspNetCore.Authorization.AuthorizationMiddleware.Invoke(HttpContext context)
   at Swashbuckle.AspNetCore.SwaggerUI.SwaggerUIMiddleware.Invoke(HttpContext httpContext)
   at Swashbuckle.AspNetCore.Swagger.SwaggerMiddleware.Invoke(HttpContext httpContext, ISwaggerProvider swaggerProvider)
   at Microsoft.AspNetCore.Diagnostics.DeveloperExceptionPageMiddleware.Invoke(HttpContext context)
2023-02-11 03:00:55,108 ERROR Microsoft.AspNetCore.Diagnostics.DeveloperExceptionPageMiddleware.? [?] - MESSAGE: An unhandled exception has occurred while executing the request.
 System.InvalidOperationException: Unable to resolve service for type 'Bl.IEmployeeService' while attempting to activate 'CloProject1.Controllers.EmployeeController'.
   at Microsoft.Extensions.DependencyInjection.ActivatorUtilities.GetService(IServiceProvider sp, Type type, Type requiredBy, Boolean isDefaultParameterRequired)
   at lambda_method9(Closure , IServiceProvider , Object[] )
   at Microsoft.AspNetCore.Mvc.Controllers.ControllerActivatorProvider.<>c__DisplayClass7_0.<CreateActivator>b__0(ControllerContext controllerContext)
   at Microsoft.AspNetCore.Mvc.Controllers.ControllerFactoryProvider.<>c__DisplayClass6_0.<CreateControllerFactory>g__CreateController|0(ControllerContext controllerContext)
   at Microsoft.AspNetCore.Mvc.Infrastructure.ControllerActionInvoker.Next(State& next, Scope& scope, Object& state, Boolean& isCompleted)
   at Microsoft.AspNetCore.Mvc.Infrastructure.ControllerActionInvoker.InvokeInnerFilterAsync()
--- End of stack trace from previous location ---
   at Microsoft.AspNetCore.Mvc.Infrastructure.ResourceInvoker.<InvokeFilterPipelineAsync>g__Awaited|20_0(ResourceInvoker invoker, Task lastTask, State next, Scope scope, Object state, Boolean isCompleted)
   at Microsoft.AspNetCore.Mvc.Infrastructure.ResourceInvoker.<InvokeAsync>g__Awaited|17_0(ResourceInvoker invoker, Task task, IDisposable scope)
   at Microsoft.AspNetCore.Mvc.Infrastructure.ResourceInvoker.<InvokeAsync>g__Awaited|17_0(ResourceInvoker invoker, Task task, IDisposable scope)
   at Microsoft.AspNetCore.Routing.EndpointMiddleware.<Invoke>g__AwaitRequestTask|6_0(Endpoint endpoint, Task requestTask, ILogger logger)
   at Microsoft.AspNetCore.Authorization.AuthorizationMiddleware.Invoke(HttpContext context)
   at Swashbuckle.AspNetCore.SwaggerUI.SwaggerUIMiddleware.Invoke(HttpContext httpContext)
   at Swashbuckle.AspNetCore.Swagger.SwaggerMiddleware.Invoke(HttpContext httpContext, ISwaggerProvider swaggerProvider)
   at Microsoft.AspNetCore.Diagnostics.DeveloperExceptionPageMiddleware.Invoke(HttpContext context)
2023-02-11 03:01:18,308 ERROR Microsoft.AspNetCore.Diagnostics.DeveloperExceptionPageMiddleware.? [?] - MESSAGE: An unhandled exception has occurred while executing the request.
 System.InvalidOperationException: Unable to resolve service for type 'Bl.IEmployeeService' while attempting to activate 'CloProject1.Controllers.EmployeeController'.
   at Microsoft.Extensions.DependencyInjection.ActivatorUtilities.GetService(IServiceProvider sp, Type type, Type requiredBy, Boolean isDefaultParameterRequired)
   at lambda_method9(Closure , IServiceProvider , Object[] )
   at Microsoft.AspNetCore.Mvc.Controllers.ControllerActivatorProvider.<>c__DisplayClass7_0.<CreateActivator>b__0(ControllerContext controllerContext)
   at Microsoft.AspNetCore.Mvc.Controllers.ControllerFactoryProvider.<>c__DisplayClass6_0.<CreateControllerFactory>g__CreateController|0(ControllerContext controllerContext)
   at Microsoft.AspNetCore.Mvc.Infrastructure.ControllerActionInvoker.Next(State& next, Scope& scope, Object& state, Boolean& isCompleted)
   at Microsoft.AspNetCore.Mvc.Infrastructure.ControllerActionInvoker.InvokeInnerFilterAsync()
--- End of stack trace from previous location ---
   at Microsoft.AspNetCore.Mvc.Infrastructure.ResourceInvoker.<InvokeFilterPipelineAsync>g__Awaited|20_0(ResourceInvoker invoker, Task lastTask, State next, Scope scope, Object state, Boolean isCompleted)
   at Microsoft.AspNetCore.Mvc.Infrastructure.ResourceInvoker.<InvokeAsync>g__Awaited|17_0(ResourceInvoker invoker, Task task, IDisposable scope)
   at Microsoft.AspNetCore.Mvc.Infrastructure.ResourceInvoker.<InvokeAsync>g__Awaited|17_0(ResourceInvoker invoker, Task task, IDisposable scope)
   at Microsoft.AspNetCore.Routing.EndpointMiddleware.<Invoke>g__AwaitRequestTask|6_0(Endpoint endpoint, Task requestTask, ILogger logger)
   at Microsoft.AspNetCore.Authorization.AuthorizationMiddleware.Invoke(HttpContext context)
   at Swashbuckle.AspNetCore.SwaggerUI.SwaggerUIMiddleware.Invoke(HttpContext httpContext)
   at Swashbuckle.AspNetCore.Swagger.SwaggerMiddleware.Invoke(HttpContext httpContext, ISwaggerProvider swaggerProvider)
   at Microsoft.AspNetCore.Diagnostics.DeveloperExceptionPageMiddleware.Invoke(HttpContext context)
2023-02-11 03:03:00,435  INFO Microsoft.Hosting.Lifetime.? [?] - MESSAGE: Now listening on: https://localhost:7240
 2023-02-11 03:03:00,473  INFO Microsoft.Hosting.Lifetime.? [?] - MESSAGE: Now listening on: http://localhost:5240
 2023-02-11 03:03:00,479  INFO Microsoft.Hosting.Lifetime.OnApplicationStarted [0] - MESSAGE: Application started. Press Ctrl+C to shut down.
 2023-02-11 03:03:00,481  INFO Microsoft.Hosting.Lifetime.OnApplicationStarted [0] - MESSAGE: Hosting environment: Development
 2023-02-11 03:03:00,482  INFO Microsoft.Hosting.Lifetime.OnApplicationStarted [0] - MESSAGE: Content root path: D:\새 폴더\Source\CloProject1\CloProject1\
 2023-02-11 03:03:05,716 ERROR Microsoft.AspNetCore.Diagnostics.DeveloperExceptionPageMiddleware.? [?] - MESSAGE: An unhandled exception has occurred while executing the request.
 System.InvalidOperationException: Unable to resolve service for type 'Bl.IEmployeeService' while attempting to activate 'CloProject1.Controllers.EmployeeController'.
   at Microsoft.Extensions.DependencyInjection.ActivatorUtilities.GetService(IServiceProvider sp, Type type, Type requiredBy, Boolean isDefaultParameterRequired)
   at lambda_method3(Closure , IServiceProvider , Object[] )
   at Microsoft.AspNetCore.Mvc.Controllers.ControllerActivatorProvider.<>c__DisplayClass7_0.<CreateActivator>b__0(ControllerContext controllerContext)
   at Microsoft.AspNetCore.Mvc.Controllers.ControllerFactoryProvider.<>c__DisplayClass6_0.<CreateControllerFactory>g__CreateController|0(ControllerContext controllerContext)
   at Microsoft.AspNetCore.Mvc.Infrastructure.ControllerActionInvoker.Next(State& next, Scope& scope, Object& state, Boolean& isCompleted)
   at Microsoft.AspNetCore.Mvc.Infrastructure.ControllerActionInvoker.InvokeInnerFilterAsync()
--- End of stack trace from previous location ---
   at Microsoft.AspNetCore.Mvc.Infrastructure.ResourceInvoker.<InvokeFilterPipelineAsync>g__Awaited|20_0(ResourceInvoker invoker, Task lastTask, State next, Scope scope, Object state, Boolean isCompleted)
   at Microsoft.AspNetCore.Mvc.Infrastructure.ResourceInvoker.<InvokeAsync>g__Awaited|17_0(ResourceInvoker invoker, Task task, IDisposable scope)
   at Microsoft.AspNetCore.Mvc.Infrastructure.ResourceInvoker.<InvokeAsync>g__Awaited|17_0(ResourceInvoker invoker, Task task, IDisposable scope)
   at Microsoft.AspNetCore.Routing.EndpointMiddleware.<Invoke>g__AwaitRequestTask|6_0(Endpoint endpoint, Task requestTask, ILogger logger)
   at Microsoft.AspNetCore.Authorization.AuthorizationMiddleware.Invoke(HttpContext context)
   at Swashbuckle.AspNetCore.SwaggerUI.SwaggerUIMiddleware.Invoke(HttpContext httpContext)
   at Swashbuckle.AspNetCore.Swagger.SwaggerMiddleware.Invoke(HttpContext httpContext, ISwaggerProvider swaggerProvider)
   at Microsoft.AspNetCore.Diagnostics.DeveloperExceptionPageMiddleware.Invoke(HttpContext context)
2023-02-11 03:07:30,843  INFO Microsoft.Hosting.Lifetime.? [?] - MESSAGE: Now listening on: https://localhost:7240
 2023-02-11 03:07:30,878  INFO Microsoft.Hosting.Lifetime.? [?] - MESSAGE: Now listening on: http://localhost:5240
 2023-02-11 03:07:30,883  INFO Microsoft.Hosting.Lifetime.OnApplicationStarted [0] - MESSAGE: Application started. Press Ctrl+C to shut down.
 2023-02-11 03:07:30,885  INFO Microsoft.Hosting.Lifetime.OnApplicationStarted [0] - MESSAGE: Hosting environment: Development
 2023-02-11 03:07:30,887  INFO Microsoft.Hosting.Lifetime.OnApplicationStarted [0] - MESSAGE: Content root path: D:\새 폴더\Source\CloProject1\CloProject1\
 2023-02-11 03:07:47,033 ERROR Microsoft.AspNetCore.Diagnostics.DeveloperExceptionPageMiddleware.? [?] - MESSAGE: An unhandled exception has occurred while executing the request.
 System.NullReferenceException: Object reference not set to an instance of an object.
   at CloProject1.Controllers.EmployeeController.GetList(Int32 page, Int32 pageSize) in D:\새 폴더\Source\CloProject1\CloProject1\Controllers\EmployeeController.cs:line 26
   at lambda_method2(Closure , Object , Object[] )
   at Microsoft.AspNetCore.Mvc.Infrastructure.ActionMethodExecutor.SyncActionResultExecutor.Execute(IActionResultTypeMapper mapper, ObjectMethodExecutor executor, Object controller, Object[] arguments)
   at Microsoft.AspNetCore.Mvc.Infrastructure.ControllerActionInvoker.InvokeActionMethodAsync()
   at Microsoft.AspNetCore.Mvc.Infrastructure.ControllerActionInvoker.Next(State& next, Scope& scope, Object& state, Boolean& isCompleted)
   at Microsoft.AspNetCore.Mvc.Infrastructure.ControllerActionInvoker.InvokeNextActionFilterAsync()
--- End of stack trace from previous location ---
   at Microsoft.AspNetCore.Mvc.Infrastructure.ControllerActionInvoker.Rethrow(ActionExecutedContextSealed context)
   at Microsoft.AspNetCore.Mvc.Infrastructure.ControllerActionInvoker.Next(State& next, Scope& scope, Object& state, Boolean& isCompleted)
   at Microsoft.AspNetCore.Mvc.Infrastructure.ControllerActionInvoker.InvokeInnerFilterAsync()
--- End of stack trace from previous location ---
   at Microsoft.AspNetCore.Mvc.Infrastructure.ResourceInvoker.<InvokeFilterPipelineAsync>g__Awaited|20_0(ResourceInvoker invoker, Task lastTask, State next, Scope scope, Object state, Boolean isCompleted)
   at Microsoft.AspNetCore.Mvc.Infrastructure.ResourceInvoker.<InvokeAsync>g__Awaited|17_0(ResourceInvoker invoker, Task task, IDisposable scope)
   at Microsoft.AspNetCore.Mvc.Infrastructure.ResourceInvoker.<InvokeAsync>g__Awaited|17_0(ResourceInvoker invoker, Task task, IDisposable scope)
   at Microsoft.AspNetCore.Routing.EndpointMiddleware.<Invoke>g__AwaitRequestTask|6_0(Endpoint endpoint, Task requestTask, ILogger logger)
   at Microsoft.AspNetCore.Authorization.AuthorizationMiddleware.Invoke(HttpContext context)
   at Swashbuckle.AspNetCore.SwaggerUI.SwaggerUIMiddleware.Invoke(HttpContext httpContext)
   at Swashbuckle.AspNetCore.Swagger.SwaggerMiddleware.Invoke(HttpContext httpContext, ISwaggerProvider swaggerProvider)
   at Microsoft.AspNetCore.Diagnostics.DeveloperExceptionPageMiddleware.Invoke(HttpContext context)
2023-02-11 03:08:40,916  INFO Microsoft.Hosting.Lifetime.? [?] - MESSAGE: Now listening on: https://localhost:7240
 2023-02-11 03:08:40,955  INFO Microsoft.Hosting.Lifetime.? [?] - MESSAGE: Now listening on: http://localhost:5240
 2023-02-11 03:08:40,960  INFO Microsoft.Hosting.Lifetime.OnApplicationStarted [0] - MESSAGE: Application started. Press Ctrl+C to shut down.
 2023-02-11 03:08:40,963  INFO Microsoft.Hosting.Lifetime.OnApplicationStarted [0] - MESSAGE: Hosting environment: Development
 2023-02-11 03:08:40,965  INFO Microsoft.Hosting.Lifetime.OnApplicationStarted [0] - MESSAGE: Content root path: D:\새 폴더\Source\CloProject1\CloProject1\
 2023-02-11 03:10:12,967  INFO Microsoft.Hosting.Lifetime.? [?] - MESSAGE: Now listening on: https://localhost:7240
 2023-02-11 03:10:13,002  INFO Microsoft.Hosting.Lifetime.? [?] - MESSAGE: Now listening on: http://localhost:5240
 2023-02-11 03:10:13,007  INFO Microsoft.Hosting.Lifetime.OnApplicationStarted [0] - MESSAGE: Application started. Press Ctrl+C to shut down.
 2023-02-11 03:10:13,010  INFO Microsoft.Hosting.Lifetime.OnApplicationStarted [0] - MESSAGE: Hosting environment: Development
 2023-02-11 03:10:13,011  INFO Microsoft.Hosting.Lifetime.OnApplicationStarted [0] - MESSAGE: Content root path: D:\새 폴더\Source\CloProject1\CloProject1\
 2023-02-11 03:10:29,980 ERROR Bl.EmployeeService.ReadAll [45] - MESSAGE: ReadAll
 2023-02-11 03:10:50,595 ERROR Bl.EmployeeService.ReadAll [45] - MESSAGE: ReadAll
 